maxtel starting, base_path=., max_path=./bin/max, config_path=etc/max.prm
Layout changed to COMPACT (80x25)
Spawned node 1 with PID 35056, PTY master fd 5
Socket path: ./maxipc1
Spawned node 2 with PID 35057, PTY master fd 6
Socket path: ./maxipc2
Spawned node 3 with PID 35058, PTY master fd 7
Socket path: ./maxipc3
Spawned node 4 with PID 35059, PTY master fd 8
Socket path: ./maxipc4
Spawned node 1 with PID 35060, PTY master fd 5
Socket path: ./maxipc1
Spawned node 2 with PID 35061, PTY master fd 6
Socket path: ./maxipc2
Spawned node 3 with PID 35062, PTY master fd 7
Socket path: ./maxipc3
Spawned node 4 with PID 35063, PTY master fd 8
Socket path: ./maxipc4
Spawned node 1 with PID 35064, PTY master fd 5
Socket path: ./maxipc1
Spawned node 2 with PID 35065, PTY master fd 6
Socket path: ./maxipc2
Spawned node 3 with PID 35066, PTY master fd 7
Socket path: ./maxipc3
Spawned node 4 with PID 35067, PTY master fd 8
Socket path: ./maxipc4
Spawned node 1 with PID 35068, PTY master fd 5
Socket path: ./maxipc1
Spawned node 2 with PID 35069, PTY master fd 6
Socket path: ./maxipc2
Spawned node 3 with PID 35070, PTY master fd 7
Socket path: ./maxipc3
Spawned node 4 with PID 35071, PTY master fd 8
Socket path: ./maxipc4
Spawned node 1 with PID 35072, PTY master fd 5
Socket path: ./maxipc1
Spawned node 2 with PID 35073, PTY master fd 6
Socket path: ./maxipc2
Spawned node 3 with PID 35074, PTY master fd 7
Socket path: ./maxipc3
Spawned node 4 with PID 35075, PTY master fd 8
Socket path: ./maxipc4
Spawned node 1 with PID 35076, PTY master fd 5
Socket path: ./maxipc1
Spawned node 2 with PID 35077, PTY master fd 6
Socket path: ./maxipc2
Spawned node 3 with PID 35078, PTY master fd 7
Socket path: ./maxipc3
Spawned node 4 with PID 35079, PTY master fd 8
Socket path: ./maxipc4
Spawned node 1 with PID 35080, PTY master fd 5
Socket path: ./maxipc1
Spawned node 2 with PID 35081, PTY master fd 6
Socket path: ./maxipc2
Spawned node 3 with PID 35082, PTY master fd 7
Socket path: ./maxipc3
Spawned node 4 with PID 35083, PTY master fd 8
Socket path: ./maxipc4
Spawned node 1 with PID 35084, PTY master fd 5
Socket path: ./maxipc1
Spawned node 2 with PID 35085, PTY master fd 6
Socket path: ./maxipc2
Spawned node 3 with PID 35086, PTY master fd 7
Socket path: ./maxipc3
Spawned node 4 with PID 35087, PTY master fd 8
Socket path: ./maxipc4
Spawned node 1 with PID 35088, PTY master fd 5
Socket path: ./maxipc1
Spawned node 2 with PID 35089, PTY master fd 6
Socket path: ./maxipc2
Spawned node 3 with PID 35090, PTY master fd 7
Socket path: ./maxipc3
Spawned node 4 with PID 35091, PTY master fd 8
Socket path: ./maxipc4
Spawned node 1 with PID 35092, PTY master fd 5
Socket path: ./maxipc1
Spawned node 2 with PID 35093, PTY master fd 6
Socket path: ./maxipc2
Spawned node 3 with PID 35094, PTY master fd 7
Socket path: ./maxipc3
Spawned node 4 with PID 35095, PTY master fd 8
Socket path: ./maxipc4
Spawned node 1 with PID 35096, PTY master fd 5
Socket path: ./maxipc1
Spawned node 2 with PID 35097, PTY master fd 6
Socket path: ./maxipc2
Spawned node 3 with PID 35098, PTY master fd 7
Socket path: ./maxipc3
Spawned node 4 with PID 35099, PTY master fd 8
Socket path: ./maxipc4
Spawned node 1 with PID 35100, PTY master fd 5
Socket path: ./maxipc1
Spawned node 2 with PID 35101, PTY master fd 6
Socket path: ./maxipc2
Spawned node 3 with PID 35102, PTY master fd 7
Socket path: ./maxipc3
Spawned node 4 with PID 35103, PTY master fd 8
Socket path: ./maxipc4
Spawned node 1 with PID 35104, PTY master fd 5
Socket path: ./maxipc1
Spawned node 2 with PID 35105, PTY master fd 6
Socket path: ./maxipc2
Spawned node 3 with PID 35106, PTY master fd 7
Socket path: ./maxipc3
Spawned node 4 with PID 35107, PTY master fd 8
Socket path: ./maxipc4
Spawned node 1 with PID 35108, PTY master fd 5
Socket path: ./maxipc1
Spawned node 2 with PID 35109, PTY master fd 6
Socket path: ./maxipc2
Spawned node 3 with PID 35110, PTY master fd 7
Socket path: ./maxipc3
Spawned node 4 with PID 35111, PTY master fd 8
Socket path: ./maxipc4
Spawned node 1 with PID 35113, PTY master fd 5
Socket path: ./maxipc1
Spawned node 2 with PID 35114, PTY master fd 6
Socket path: ./maxipc2
Spawned node 3 with PID 35115, PTY master fd 7
Socket path: ./maxipc3
Spawned node 4 with PID 35116, PTY master fd 8
Socket path: ./maxipc4
Spawned node 1 with PID 35117, PTY master fd 5
Socket path: ./maxipc1
Spawned node 2 with PID 35118, PTY master fd 6
Socket path: ./maxipc2
Spawned node 3 with PID 35119, PTY master fd 7
Socket path: ./maxipc3
Spawned node 4 with PID 35120, PTY master fd 8
Socket path: ./maxipc4
Spawned node 1 with PID 35121, PTY master fd 5
Socket path: ./maxipc1
Spawned node 2 with PID 35122, PTY master fd 6
Socket path: ./maxipc2
Spawned node 3 with PID 35123, PTY master fd 7
Socket path: ./maxipc3
Spawned node 4 with PID 35124, PTY master fd 8
Socket path: ./maxipc4
Spawned node 1 with PID 35125, PTY master fd 5
Socket path: ./maxipc1
Spawned node 2 with PID 35126, PTY master fd 6
Socket path: ./maxipc2
Spawned node 3 with PID 35127, PTY master fd 7
Socket path: ./maxipc3
Spawned node 4 with PID 35128, PTY master fd 8
Socket path: ./maxipc4
Spawned node 1 with PID 35129, PTY master fd 5
Socket path: ./maxipc1
Spawned node 2 with PID 35130, PTY master fd 6
Socket path: ./maxipc2
Spawned node 3 with PID 35131, PTY master fd 7
Socket path: ./maxipc3
Spawned node 4 with PID 35132, PTY master fd 8
Socket path: ./maxipc4
Spawned node 1 with PID 35133, PTY master fd 5
Socket path: ./maxipc1
Spawned node 2 with PID 35134, PTY master fd 6
Socket path: ./maxipc2
Spawned node 3 with PID 35135, PTY master fd 7
Socket path: ./maxipc3
Spawned node 1 with PID 35136, PTY master fd 5
Socket path: ./maxipc1
Spawned node 2 with PID 35137, PTY master fd 6
Socket path: ./maxipc2
Spawned node 3 with PID 35138, PTY master fd 7
Socket path: ./maxipc3
Spawned node 4 with PID 35139, PTY master fd 8
Socket path: ./maxipc4
Spawned node 1 with PID 35140, PTY master fd 5
Socket path: ./maxipc1
Spawned node 2 with PID 35141, PTY master fd 6
Socket path: ./maxipc2
Spawned node 3 with PID 35142, PTY master fd 7
Socket path: ./maxipc3
Spawned node 4 with PID 35143, PTY master fd 8
Socket path: ./maxipc4
Spawned node 1 with PID 35144, PTY master fd 5
Socket path: ./maxipc1
Spawned node 2 with PID 35145, PTY master fd 6
Socket path: ./maxipc2
Spawned node 3 with PID 35146, PTY master fd 7
Socket path: ./maxipc3
Spawned node 4 with PID 35147, PTY master fd 8
Socket path: ./maxipc4
Spawned node 1 with PID 35148, PTY master fd 5
Socket path: ./maxipc1
Spawned node 2 with PID 35149, PTY master fd 6
Socket path: ./maxipc2
Spawned node 3 with PID 35150, PTY master fd 7
Socket path: ./maxipc3
Spawned node 4 with PID 35151, PTY master fd 8
Socket path: ./maxipc4
Spawned node 1 with PID 35152, PTY master fd 5
Socket path: ./maxipc1
Spawned node 2 with PID 35153, PTY master fd 6
Socket path: ./maxipc2
Spawned node 3 with PID 35154, PTY master fd 7
Socket path: ./maxipc3
Spawned node 4 with PID 35155, PTY master fd 8
Socket path: ./maxipc4
Spawned node 1 with PID 35156, PTY master fd 5
Socket path: ./maxipc1
Spawned node 2 with PID 35157, PTY master fd 6
Socket path: ./maxipc2
Spawned node 3 with PID 35158, PTY master fd 7
Socket path: ./maxipc3
Spawned node 4 with PID 35159, PTY master fd 8
Socket path: ./maxipc4
Spawned node 1 with PID 35160, PTY master fd 5
Socket path: ./maxipc1
Spawned node 2 with PID 35161, PTY master fd 6
Socket path: ./maxipc2
Spawned node 3 with PID 35162, PTY master fd 7
Socket path: ./maxipc3
Spawned node 4 with PID 35163, PTY master fd 8
Socket path: ./maxipc4
Spawned node 1 with PID 35164, PTY master fd 5
Socket path: ./maxipc1
Spawned node 2 with PID 35165, PTY master fd 6
Socket path: ./maxipc2
Spawned node 3 with PID 35166, PTY master fd 7
Socket path: ./maxipc3
Spawned node 4 with PID 35167, PTY master fd 8
Socket path: ./maxipc4
Spawned node 1 with PID 35168, PTY master fd 5
Socket path: ./maxipc1
Spawned node 2 with PID 35169, PTY master fd 6
Socket path: ./maxipc2
Spawned node 3 with PID 35170, PTY master fd 7
Socket path: ./maxipc3
Spawned node 4 with PID 35171, PTY master fd 8
Socket path: ./maxipc4
Spawned node 1 with PID 35172, PTY master fd 5
Socket path: ./maxipc1
Spawned node 2 with PID 35173, PTY master fd 6
Socket path: ./maxipc2
Spawned node 3 with PID 35174, PTY master fd 7
Socket path: ./maxipc3
Spawned node 4 with PID 35175, PTY master fd 8
Socket path: ./maxipc4
Spawned node 1 with PID 35176, PTY master fd 5
Socket path: ./maxipc1
Spawned node 2 with PID 35177, PTY master fd 6
Socket path: ./maxipc2
Spawned node 3 with PID 35178, PTY master fd 7
Socket path: ./maxipc3
Spawned node 4 with PID 35179, PTY master fd 8
Socket path: ./maxipc4
Spawned node 1 with PID 35180, PTY master fd 5
Socket path: ./maxipc1
Spawned node 2 with PID 35181, PTY master fd 6
Socket path: ./maxipc2
Spawned node 3 with PID 35182, PTY master fd 7
Socket path: ./maxipc3
Spawned node 4 with PID 35183, PTY master fd 8
Socket path: ./maxipc4
Spawned node 1 with PID 35184, PTY master fd 5
Socket path: ./maxipc1
Spawned node 2 with PID 35185, PTY master fd 6
Socket path: ./maxipc2
Spawned node 3 with PID 35186, PTY master fd 7
Socket path: ./maxipc3
Spawned node 4 with PID 35187, PTY master fd 8
Socket path: ./maxipc4
Spawned node 1 with PID 35188, PTY master fd 5
Socket path: ./maxipc1
Spawned node 2 with PID 35189, PTY master fd 6
Socket path: ./maxipc2
Spawned node 3 with PID 35190, PTY master fd 7
Socket path: ./maxipc3
Spawned node 4 with PID 35191, PTY master fd 8
Socket path: ./maxipc4
Spawned node 1 with PID 35192, PTY master fd 5
Socket path: ./maxipc1
Spawned node 2 with PID 35193, PTY master fd 6
Socket path: ./maxipc2
Spawned node 3 with PID 35194, PTY master fd 7
Socket path: ./maxipc3
Spawned node 4 with PID 35195, PTY master fd 8
Socket path: ./maxipc4
Spawned node 1 with PID 35196, PTY master fd 5
Socket path: ./maxipc1
Spawned node 2 with PID 35197, PTY master fd 6
Socket path: ./maxipc2
Spawned node 3 with PID 35198, PTY master fd 7
Socket path: ./maxipc3
Spawned node 4 with PID 35199, PTY master fd 8
Socket path: ./maxipc4
Spawned node 1 with PID 35200, PTY master fd 5
Socket path: ./maxipc1
Spawned node 2 with PID 35201, PTY master fd 6
Socket path: ./maxipc2
Spawned node 3 with PID 35202, PTY master fd 7
Socket path: ./maxipc3
Spawned node 4 with PID 35203, PTY master fd 8
Socket path: ./maxipc4
Spawned node 1 with PID 35204, PTY master fd 5
Socket path: ./maxipc1
Spawned node 2 with PID 35205, PTY master fd 6
Socket path: ./maxipc2
Spawned node 3 with PID 35206, PTY master fd 7
Socket path: ./maxipc3
Spawned node 4 with PID 35207, PTY master fd 8
Socket path: ./maxipc4
Spawned node 1 with PID 35208, PTY master fd 5
Socket path: ./maxipc1
Spawned node 2 with PID 35209, PTY master fd 6
Socket path: ./maxipc2
Spawned node 3 with PID 35210, PTY master fd 7
Socket path: ./maxipc3
Spawned node 4 with PID 35211, PTY master fd 8
Socket path: ./maxipc4
Spawned node 1 with PID 35212, PTY master fd 5
Socket path: ./maxipc1
Spawned node 2 with PID 35213, PTY master fd 6
Socket path: ./maxipc2
Spawned node 3 with PID 35214, PTY master fd 7
Socket path: ./maxipc3
Spawned node 4 with PID 35215, PTY master fd 8
Socket path: ./maxipc4
Spawned node 1 with PID 35216, PTY master fd 5
Socket path: ./maxipc1
Spawned node 2 with PID 35217, PTY master fd 6
Socket path: ./maxipc2
Spawned node 3 with PID 35218, PTY master fd 7
Socket path: ./maxipc3
Spawned node 4 with PID 35219, PTY master fd 8
Socket path: ./maxipc4
Spawned node 1 with PID 35220, PTY master fd 5
Socket path: ./maxipc1
Spawned node 2 with PID 35221, PTY master fd 6
Socket path: ./maxipc2
Spawned node 3 with PID 35222, PTY master fd 7
Socket path: ./maxipc3
Spawned node 4 with PID 35223, PTY master fd 8
Socket path: ./maxipc4
Spawned node 1 with PID 35224, PTY master fd 5
Socket path: ./maxipc1
Spawned node 2 with PID 35225, PTY master fd 6
Socket path: ./maxipc2
Spawned node 3 with PID 35226, PTY master fd 7
Socket path: ./maxipc3
Spawned node 4 with PID 35227, PTY master fd 8
Socket path: ./maxipc4
Spawned node 1 with PID 35228, PTY master fd 5
Socket path: ./maxipc1
Spawned node 2 with PID 35229, PTY master fd 6
Socket path: ./maxipc2
Spawned node 3 with PID 35230, PTY master fd 7
Socket path: ./maxipc3
Spawned node 4 with PID 35231, PTY master fd 8
Socket path: ./maxipc4
Spawned node 1 with PID 35232, PTY master fd 5
Socket path: ./maxipc1
Spawned node 2 with PID 35233, PTY master fd 6
Socket path: ./maxipc2
Spawned node 3 with PID 35234, PTY master fd 7
Socket path: ./maxipc3
Spawned node 4 with PID 35235, PTY master fd 8
Socket path: ./maxipc4
Spawned node 1 with PID 35236, PTY master fd 5
Socket path: ./maxipc1
Spawned node 2 with PID 35237, PTY master fd 6
Socket path: ./maxipc2
Spawned node 3 with PID 35238, PTY master fd 7
Socket path: ./maxipc3
Spawned node 4 with PID 35239, PTY master fd 8
Socket path: ./maxipc4
Spawned node 1 with PID 35240, PTY master fd 5
Socket path: ./maxipc1
Spawned node 2 with PID 35241, PTY master fd 6
Socket path: ./maxipc2
Spawned node 3 with PID 35242, PTY master fd 7
Socket path: ./maxipc3
Spawned node 4 with PID 35243, PTY master fd 8
Socket path: ./maxipc4
Spawned node 1 with PID 35244, PTY master fd 5
Socket path: ./maxipc1
Spawned node 2 with PID 35245, PTY master fd 6
Socket path: ./maxipc2
Spawned node 3 with PID 35246, PTY master fd 7
Socket path: ./maxipc3
Spawned node 4 with PID 35247, PTY master fd 8
Socket path: ./maxipc4
Spawned node 1 with PID 35248, PTY master fd 5
Socket path: ./maxipc1
Spawned node 2 with PID 35249, PTY master fd 6
Socket path: ./maxipc2
Spawned node 3 with PID 35250, PTY master fd 7
Socket path: ./maxipc3
Spawned node 4 with PID 35251, PTY master fd 8
Socket path: ./maxipc4
Spawned node 1 with PID 35252, PTY master fd 5
Socket path: ./maxipc1
Spawned node 2 with PID 35253, PTY master fd 6
Socket path: ./maxipc2
Spawned node 3 with PID 35254, PTY master fd 7
Socket path: ./maxipc3
Spawned node 4 with PID 35255, PTY master fd 8
Socket path: ./maxipc4
Spawned node 1 with PID 35256, PTY master fd 5
Socket path: ./maxipc1
Spawned node 2 with PID 35257, PTY master fd 6
Socket path: ./maxipc2
Spawned node 3 with PID 35258, PTY master fd 7
Socket path: ./maxipc3
Spawned node 4 with PID 35259, PTY master fd 8
Socket path: ./maxipc4
Spawned node 1 with PID 35260, PTY master fd 5
Socket path: ./maxipc1
Spawned node 2 with PID 35261, PTY master fd 6
Socket path: ./maxipc2
Spawned node 3 with PID 35262, PTY master fd 7
Socket path: ./maxipc3
Spawned node 4 with PID 35263, PTY master fd 8
Socket path: ./maxipc4
Spawned node 1 with PID 35264, PTY master fd 5
Socket path: ./maxipc1
Spawned node 2 with PID 35265, PTY master fd 6
Socket path: ./maxipc2
Spawned node 3 with PID 35266, PTY master fd 7
Socket path: ./maxipc3
Spawned node 4 with PID 35267, PTY master fd 8
Socket path: ./maxipc4
Spawned node 1 with PID 35268, PTY master fd 5
Socket path: ./maxipc1
Spawned node 2 with PID 35269, PTY master fd 6
Socket path: ./maxipc2
Spawned node 3 with PID 35270, PTY master fd 7
Socket path: ./maxipc3
Spawned node 4 with PID 35271, PTY master fd 8
Socket path: ./maxipc4
Spawned node 1 with PID 35272, PTY master fd 5
Socket path: ./maxipc1
Spawned node 2 with PID 35273, PTY master fd 6
Socket path: ./maxipc2
Spawned node 3 with PID 35274, PTY master fd 7
Socket path: ./maxipc3
Spawned node 4 with PID 35275, PTY master fd 8
Socket path: ./maxipc4
Spawned node 1 with PID 35276, PTY master fd 5
Socket path: ./maxipc1
Spawned node 2 with PID 35277, PTY master fd 6
Socket path: ./maxipc2
Spawned node 3 with PID 35278, PTY master fd 7
Socket path: ./maxipc3
Spawned node 4 with PID 35279, PTY master fd 8
Socket path: ./maxipc4
Spawned node 1 with PID 35280, PTY master fd 5
Socket path: ./maxipc1
Spawned node 2 with PID 35281, PTY master fd 6
Socket path: ./maxipc2
Spawned node 3 with PID 35282, PTY master fd 7
Socket path: ./maxipc3
Spawned node 4 with PID 35283, PTY master fd 8
Socket path: ./maxipc4
Spawned node 1 with PID 35284, PTY master fd 5
Socket path: ./maxipc1
Spawned node 2 with PID 35285, PTY master fd 6
Socket path: ./maxipc2
Spawned node 3 with PID 35286, PTY master fd 7
Socket path: ./maxipc3
Spawned node 4 with PID 35287, PTY master fd 8
Socket path: ./maxipc4
Spawned node 1 with PID 35288, PTY master fd 5
Socket path: ./maxipc1
Spawned node 2 with PID 35289, PTY master fd 6
Socket path: ./maxipc2
Spawned node 3 with PID 35290, PTY master fd 7
Socket path: ./maxipc3
Spawned node 4 with PID 35291, PTY master fd 8
Socket path: ./maxipc4
Spawned node 1 with PID 35292, PTY master fd 5
Socket path: ./maxipc1
Spawned node 2 with PID 35293, PTY master fd 6
Socket path: ./maxipc2
Spawned node 3 with PID 35294, PTY master fd 7
Socket path: ./maxipc3
Spawned node 4 with PID 35295, PTY master fd 8
Socket path: ./maxipc4
Spawned node 1 with PID 35296, PTY master fd 5
Socket path: ./maxipc1
Spawned node 2 with PID 35297, PTY master fd 6
Socket path: ./maxipc2
Spawned node 3 with PID 35298, PTY master fd 7
Socket path: ./maxipc3
Spawned node 4 with PID 35299, PTY master fd 8
Socket path: ./maxipc4
Spawned node 1 with PID 35300, PTY master fd 5
Socket path: ./maxipc1
Spawned node 2 with PID 35301, PTY master fd 6
Socket path: ./maxipc2
Spawned node 3 with PID 35302, PTY master fd 7
Socket path: ./maxipc3
Spawned node 4 with PID 35303, PTY master fd 8
Socket path: ./maxipc4
Spawned node 1 with PID 35304, PTY master fd 5
Socket path: ./maxipc1
Spawned node 2 with PID 35305, PTY master fd 6
Socket path: ./maxipc2
Spawned node 3 with PID 35306, PTY master fd 7
Socket path: ./maxipc3
Spawned node 4 with PID 35307, PTY master fd 8
Socket path: ./maxipc4
Spawned node 1 with PID 35308, PTY master fd 5
Socket path: ./maxipc1
Spawned node 2 with PID 35309, PTY master fd 6
Socket path: ./maxipc2
Spawned node 3 with PID 35310, PTY master fd 7
Socket path: ./maxipc3
Spawned node 4 with PID 35311, PTY master fd 8
Socket path: ./maxipc4
Spawned node 1 with PID 35312, PTY master fd 5
Socket path: ./maxipc1
Spawned node 2 with PID 35313, PTY master fd 6
Socket path: ./maxipc2
Spawned node 3 with PID 35314, PTY master fd 7
Socket path: ./maxipc3
Spawned node 4 with PID 35315, PTY master fd 8
Socket path: ./maxipc4
Spawned node 1 with PID 35316, PTY master fd 5
Socket path: ./maxipc1
Spawned node 2 with PID 35317, PTY master fd 6
Socket path: ./maxipc2
Spawned node 3 with PID 35318, PTY master fd 7
Socket path: ./maxipc3
Spawned node 4 with PID 35319, PTY master fd 8
Socket path: ./maxipc4
Spawned node 1 with PID 35320, PTY master fd 5
Socket path: ./maxipc1
Spawned node 2 with PID 35321, PTY master fd 6
Socket path: ./maxipc2
Spawned node 3 with PID 35322, PTY master fd 7
Socket path: ./maxipc3
Spawned node 4 with PID 35323, PTY master fd 8
Socket path: ./maxipc4
Spawned node 1 with PID 35324, PTY master fd 5
Socket path: ./maxipc1
Spawned node 2 with PID 35325, PTY master fd 6
Socket path: ./maxipc2
Spawned node 3 with PID 35326, PTY master fd 7
Socket path: ./maxipc3
Spawned node 4 with PID 35327, PTY master fd 8
Socket path: ./maxipc4
Spawned node 1 with PID 35328, PTY master fd 5
Socket path: ./maxipc1
Spawned node 2 with PID 35329, PTY master fd 6
Socket path: ./maxipc2
Spawned node 3 with PID 35330, PTY master fd 7
Socket path: ./maxipc3
Spawned node 4 with PID 35331, PTY master fd 8
Socket path: ./maxipc4
Cleanup starting
maxtel shutdown complete
